<?xml version="1.0" encoding="UTF-8"?>
<!-- Generated by org.testng.reporters.JUnitReportReporter -->
<testsuite hostname="LAPTOP-QP0F062S" failures="0" tests="1" name="com.test.VerifyPostTest" time="1.392" errors="0" timestamp="2023-05-29T11:56:08 IST" skipped="0">
  <testcase classname="com.test.VerifyPostTest" name="verify_post_method" time="1.392"/>
  <system-out/>
</testsuite> <!-- com.test.VerifyPostTest -->
