<?xml version="1.0" encoding="UTF-8"?>
<!-- Generated by org.testng.reporters.JUnitReportReporter -->
<testsuite hostname="LAPTOP-QP0F062S" failures="0" tests="1" name="com.test.verifyGetTest" time="1.350" errors="0" timestamp="2023-05-29T11:56:08 IST" skipped="0">
  <testcase classname="com.test.verifyGetTest" name="Validation_Get_Method" time="1.350"/>
  <system-out/>
</testsuite> <!-- com.test.verifyGetTest -->
