<?xml version="1.0" encoding="UTF-8"?>
<!-- Generated by org.testng.reporters.JUnitReportReporter -->
<testsuite hostname="LAPTOP-QP0F062S" failures="0" tests="1" name="com.test.verifyputTest" time="3.934" errors="0" timestamp="2023-05-29T11:56:08 IST" skipped="0">
  <testcase classname="com.test.verifyputTest" name="verify_put_method" time="3.934"/>
  <system-out/>
</testsuite> <!-- com.test.verifyputTest -->
